mode: set
github.com/ivzb/achievers_server/vendor/app/middleware/auth/auth.go:19.48,20.71 1 1
github.com/ivzb/achievers_server/vendor/app/middleware/auth/auth.go:20.71,23.17 2 1
github.com/ivzb/achievers_server/vendor/app/middleware/auth/auth.go:28.3,30.17 2 1
github.com/ivzb/achievers_server/vendor/app/middleware/auth/auth.go:35.3,36.17 2 1
github.com/ivzb/achievers_server/vendor/app/middleware/auth/auth.go:41.3,41.22 1 1
github.com/ivzb/achievers_server/vendor/app/middleware/auth/auth.go:46.3,48.26 2 1
github.com/ivzb/achievers_server/vendor/app/middleware/auth/auth.go:23.17,26.4 2 1
github.com/ivzb/achievers_server/vendor/app/middleware/auth/auth.go:30.17,33.4 2 1
github.com/ivzb/achievers_server/vendor/app/middleware/auth/auth.go:36.17,39.4 2 1
github.com/ivzb/achievers_server/vendor/app/middleware/auth/auth.go:41.22,44.4 2 1
