mode: set
github.com/ivzb/achievers_server/vendor/app/controller/achievement.go:9.80,10.23 1 1
github.com/ivzb/achievers_server/vendor/app/controller/achievement.go:15.2,19.16 4 1
github.com/ivzb/achievers_server/vendor/app/controller/achievement.go:24.2,24.61 1 1
github.com/ivzb/achievers_server/vendor/app/controller/achievement.go:10.23,13.3 2 1
github.com/ivzb/achievers_server/vendor/app/controller/achievement.go:19.16,22.3 2 1
github.com/ivzb/achievers_server/vendor/app/controller/user.go:21.71,22.24 1 1
github.com/ivzb/achievers_server/vendor/app/controller/user.go:27.2,30.17 3 1
github.com/ivzb/achievers_server/vendor/app/controller/user.go:35.2,35.20 1 1
github.com/ivzb/achievers_server/vendor/app/controller/user.go:40.2,42.16 2 1
github.com/ivzb/achievers_server/vendor/app/controller/user.go:47.2,49.16 2 1
github.com/ivzb/achievers_server/vendor/app/controller/user.go:54.2,54.57 1 1
github.com/ivzb/achievers_server/vendor/app/controller/user.go:22.24,25.3 2 1
github.com/ivzb/achievers_server/vendor/app/controller/user.go:30.17,33.3 2 1
github.com/ivzb/achievers_server/vendor/app/controller/user.go:35.20,38.3 2 1
github.com/ivzb/achievers_server/vendor/app/controller/user.go:42.16,45.3 2 1
github.com/ivzb/achievers_server/vendor/app/controller/user.go:49.16,52.3 2 1
github.com/ivzb/achievers_server/vendor/app/controller/user.go:57.73,58.24 1 1
github.com/ivzb/achievers_server/vendor/app/controller/user.go:63.2,68.22 5 1
github.com/ivzb/achievers_server/vendor/app/controller/user.go:73.2,73.21 1 1
github.com/ivzb/achievers_server/vendor/app/controller/user.go:78.2,78.17 1 1
github.com/ivzb/achievers_server/vendor/app/controller/user.go:83.2,83.20 1 1
github.com/ivzb/achievers_server/vendor/app/controller/user.go:88.2,90.16 2 1
github.com/ivzb/achievers_server/vendor/app/controller/user.go:95.2,95.12 1 1
github.com/ivzb/achievers_server/vendor/app/controller/user.go:100.2,102.16 2 1
github.com/ivzb/achievers_server/vendor/app/controller/user.go:107.2,107.58 1 1
github.com/ivzb/achievers_server/vendor/app/controller/user.go:58.24,61.3 2 1
github.com/ivzb/achievers_server/vendor/app/controller/user.go:68.22,71.3 2 1
github.com/ivzb/achievers_server/vendor/app/controller/user.go:73.21,76.3 2 1
github.com/ivzb/achievers_server/vendor/app/controller/user.go:78.17,81.3 2 1
github.com/ivzb/achievers_server/vendor/app/controller/user.go:83.20,86.3 2 1
github.com/ivzb/achievers_server/vendor/app/controller/user.go:90.16,93.3 2 1
github.com/ivzb/achievers_server/vendor/app/controller/user.go:95.12,98.3 2 1
github.com/ivzb/achievers_server/vendor/app/controller/user.go:102.16,105.3 2 1
